Unity Editor version:    2021.3.8f1 (b30333d56e81)
Branch:                  2021.3/staging
Build type:              Release
Batch mode:              YES
macOS version:           Version 13.6 (Build 22G120)
Darwin version:          22.6.0
Architecture:            arm64
Running under Rosetta:   NO
Available memory:        16384 MB
Using pre-set license
Pro License: YES

COMMAND LINE ARGUMENTS:
/Applications/Unity/Hub/Editor/2021.3.8f1/Unity.app/Contents/MacOS/Unity
-adb2
-batchMode
-noUpm
-name
AssetImportWorker0
-projectPath
/Users/mansoursharif/Documents/GitHub/MainProject/ChessGame
-logFile
Logs/AssetImportWorker0.log
-srvPort
57407
Successfully changed project path to: /Users/mansoursharif/Documents/GitHub/MainProject/ChessGame
/Users/mansoursharif/Documents/GitHub/MainProject/ChessGame
[UnityMemory] Configuration Parameters - Can be set up in boot.config
    "memorysetup-bucket-allocator-granularity=16"
    "memorysetup-bucket-allocator-bucket-count=8"
    "memorysetup-bucket-allocator-block-size=33554432"
    "memorysetup-bucket-allocator-block-count=8"
    "memorysetup-main-allocator-block-size=16777216"
    "memorysetup-thread-allocator-block-size=16777216"
    "memorysetup-gfx-main-allocator-block-size=16777216"
    "memorysetup-gfx-thread-allocator-block-size=16777216"
    "memorysetup-cache-allocator-block-size=4194304"
    "memorysetup-typetree-allocator-block-size=2097152"
    "memorysetup-profiler-bucket-allocator-granularity=16"
    "memorysetup-profiler-bucket-allocator-bucket-count=8"
    "memorysetup-profiler-bucket-allocator-block-size=33554432"
    "memorysetup-profiler-bucket-allocator-block-count=8"
    "memorysetup-profiler-allocator-block-size=16777216"
    "memorysetup-profiler-editor-allocator-block-size=1048576"
    "memorysetup-temp-allocator-size-main=16777216"
    "memorysetup-job-temp-allocator-block-size=2097152"
    "memorysetup-job-temp-allocator-block-size-background=1048576"
    "memorysetup-job-temp-allocator-reduction-small-platforms=262144"
    "memorysetup-temp-allocator-size-background-worker=32768"
    "memorysetup-temp-allocator-size-job-worker=262144"
    "memorysetup-temp-allocator-size-preload-manager=33554432"
    "memorysetup-temp-allocator-size-nav-mesh-worker=65536"
    "memorysetup-temp-allocator-size-audio-worker=65536"
    "memorysetup-temp-allocator-size-cloud-worker=32768"
    "memorysetup-temp-allocator-size-gi-baking-worker=262144"
    "memorysetup-temp-allocator-size-gfx=262144"
Refreshing native plugins compatible for Editor in 67.60 ms, found 2 plugins.
Preloading 0 native plugins for Editor in 0.00 ms.
Initialize engine version: 2021.3.8f1 (b30333d56e81)
[Subsystems] Discovering subsystems at path /Applications/Unity/Hub/Editor/2021.3.8f1/Unity.app/Contents/Resources/UnitySubsystems
[Subsystems] Discovering subsystems at path /Users/mansoursharif/Documents/GitHub/MainProject/ChessGame/Assets
GfxDevice: creating device client; threaded=0; jobified=0
 preferred device: Apple M1 Pro (high power)
Metal devices available: 1
0: Apple M1 Pro (high power)
Using device Apple M1 Pro (high power)
Initializing Metal device caps: Apple M1 Pro
Initialize mono
Mono path[0] = '/Applications/Unity/Hub/Editor/2021.3.8f1/Unity.app/Contents/Managed'
Mono path[1] = '/Applications/Unity/Hub/Editor/2021.3.8f1/Unity.app/Contents/MonoBleedingEdge/lib/mono/unityjit-macos'
Mono config path = '/Applications/Unity/Hub/Editor/2021.3.8f1/Unity.app/Contents/MonoBleedingEdge/etc'
Using monoOptions --debugger-agent=transport=dt_socket,embedding=1,server=y,suspend=n,address=127.0.0.1:56902
Begin MonoManager ReloadAssembly
Registering precompiled unity dll's ...
Register platform support module: /Applications/Unity/Hub/Editor/2021.3.8f1/Unity.app/Contents/PlaybackEngines/MacStandaloneSupport/UnityEditor.OSXStandalone.Extensions.dll
Registered in 0.001242 seconds.
Native extension for OSXStandalone target not found
Refreshing native plugins compatible for Editor in 64.67 ms, found 2 plugins.
Preloading 0 native plugins for Editor in 0.00 ms.
Mono: successfully reloaded assembly
- Completed reload, in  0.406 seconds
Domain Reload Profiling:
	ReloadAssembly (406ms)
		BeginReloadAssembly (54ms)
			ExecutionOrderSort (0ms)
			DisableScriptedObjects (0ms)
			BackupInstance (0ms)
			ReleaseScriptingObjects (0ms)
			CreateAndSetChildDomain (0ms)
		EndReloadAssembly (285ms)
			LoadAssemblies (55ms)
			RebuildTransferFunctionScriptingTraits (0ms)
			SetupTypeCache (64ms)
			ReleaseScriptCaches (0ms)
			RebuildScriptCaches (20ms)
			SetupLoadedEditorAssemblies (174ms)
				LogAssemblyErrors (0ms)
				InitializePlatformSupportModulesInManaged (4ms)
				SetLoadedEditorAssemblies (0ms)
				RefreshPlugins (65ms)
				BeforeProcessingInitializeOnLoad (1ms)
				ProcessInitializeOnLoadAttributes (79ms)
				ProcessInitializeOnLoadMethodAttributes (25ms)
				AfterProcessingInitializeOnLoad (0ms)
				EditorAssembliesLoaded (0ms)
			ExecutionOrderSort2 (0ms)
			AwakeInstancesAfterBackupRestoration (0ms)
Platform modules already initialized, skipping
Registering precompiled user dll's ...
Registered in 0.002937 seconds.
Begin MonoManager ReloadAssembly
Symbol file LoadedFromMemory doesn't match image /Users/mansoursharif/Documents/GitHub/MainProject/ChessGame/Library/PackageCache/com.unity.visualscripting@1.7.8/Editor/VisualScripting.Core/Dependencies/YamlDotNet/Unity.VisualScripting.YamlDotNet.dll
Symbol file LoadedFromMemory doesn't match image /Users/mansoursharif/Documents/GitHub/MainProject/ChessGame/Library/PackageCache/com.unity.visualscripting@1.7.8/Editor/VisualScripting.Core/Dependencies/DotNetZip/Unity.VisualScripting.IonicZip.dll
Native extension for OSXStandalone target not found
Refreshing native plugins compatible for Editor in 0.40 ms, found 2 plugins.
Preloading 0 native plugins for Editor in 0.00 ms.
Mono: successfully reloaded assembly
- Completed reload, in  0.592 seconds
Domain Reload Profiling:
	ReloadAssembly (592ms)
		BeginReloadAssembly (52ms)
			ExecutionOrderSort (0ms)
			DisableScriptedObjects (3ms)
			BackupInstance (0ms)
			ReleaseScriptingObjects (0ms)
			CreateAndSetChildDomain (14ms)
		EndReloadAssembly (472ms)
			LoadAssemblies (51ms)
			RebuildTransferFunctionScriptingTraits (0ms)
			SetupTypeCache (142ms)
			ReleaseScriptCaches (0ms)
			RebuildScriptCaches (35ms)
			SetupLoadedEditorAssemblies (212ms)
				LogAssemblyErrors (0ms)
				InitializePlatformSupportModulesInManaged (2ms)
				SetLoadedEditorAssemblies (0ms)
				RefreshPlugins (0ms)
				BeforeProcessingInitializeOnLoad (47ms)
				ProcessInitializeOnLoadAttributes (145ms)
				ProcessInitializeOnLoadMethodAttributes (17ms)
				AfterProcessingInitializeOnLoad (1ms)
				EditorAssembliesLoaded (0ms)
			ExecutionOrderSort2 (0ms)
			AwakeInstancesAfterBackupRestoration (2ms)
Platform modules already initialized, skipping
========================================================================
Worker process is ready to serve import requests
Launching external process: /Applications/Unity/Hub/Editor/2021.3.8f1/Unity.app/Contents/Tools/UnityShaderCompiler
Launched and connected shader compiler UnityShaderCompiler after 0.05 seconds
Refreshing native plugins compatible for Editor in 0.40 ms, found 2 plugins.
Preloading 0 native plugins for Editor in 0.00 ms.
Unloading 3500 Unused Serialized files (Serialized files now loaded: 0)
Unloading 33 unused Assets / (39.2 KB). Loaded Objects now: 3956.
Memory consumption went from 106.0 MB to 106.0 MB.
Total: 2.150042 ms (FindLiveObjects: 0.096625 ms CreateObjectMapping: 0.042083 ms MarkObjects: 1.955750 ms  DeleteObjects: 0.055042 ms)

AssetImportParameters requested are different than current active one (requested -> active):
  custom:video-decoder-ogg-theora: a1e56fd34408186e4bbccfd4996cb3dc -> 
  custom:container-muxer-webm: aa71ff27fc2769a1b78a27578f13a17b -> 
  custom:container-demuxer-webm: 4f35f7cbe854078d1ac9338744f61a02 -> 
  custom:video-encoder-webm-vp8: eb34c28f22e8b96e1ab97ce403110664 -> 
  custom:framework-osx-AVFoundation: e770b220cccbd017edd2c1fefb359320 -> 
  custom:audio-encoder-webm-vorbis: bf7c407c2cedff20999df2af8eb42d56 -> 
  custom:container-demuxer-ogg: 62fdf1f143b41e24485cea50d1cbac27 -> 
  custom:video-decoder-webm-vp8: 9c59270c3fd7afecdb556c50c9e8de78 -> 
  custom:audio-decoder-ogg-vorbis: bf7c407c2cedff20999df2af8eb42d56 -> 
========================================================================
Received Import Request.
  Time since last request: 1035300.917552 seconds.
  path: Assets/lofi-chill-medium-version-159456.mp3
  artifactKey: Guid(a2483b90daf751c42bff910aca41f25d) Importer(815301076,1909f56bfc062723c751e8b465ee728b)
Start importing Assets/lofi-chill-medium-version-159456.mp3 using Guid(a2483b90daf751c42bff910aca41f25d) Importer(815301076,1909f56bfc062723c751e8b465ee728b)  -> (artifact id: '4dcb7f1ea22e0f9e61f4cfbc5518c825') in 0.528876 seconds 
========================================================================
Received Import Request.
  Time since last request: 0.000042 seconds.
  path: Assets/Water.mat
  artifactKey: Guid(84d878c5577c8d349b22645f7e7e4234) Importer(815301076,1909f56bfc062723c751e8b465ee728b)
Start importing Assets/Water.mat using Guid(84d878c5577c8d349b22645f7e7e4234) Importer(815301076,1909f56bfc062723c751e8b465ee728b)  -> (artifact id: 'f5f0a5201416cc994ebea4c789a9ef26') in 0.235082 seconds 
========================================================================
Received Import Request.
  Time since last request: 5.478431 seconds.
  path: Assets/ChessEngineAndAI/Game/Resources/Scenes/ChessDemo_LocalPlay.unity
  artifactKey: Guid(3850489a65e4e6e4ea0d94b8242bd1fc) Importer(815301076,1909f56bfc062723c751e8b465ee728b)
Start importing Assets/ChessEngineAndAI/Game/Resources/Scenes/ChessDemo_LocalPlay.unity using Guid(3850489a65e4e6e4ea0d94b8242bd1fc) Importer(815301076,1909f56bfc062723c751e8b465ee728b)  -> (artifact id: 'dda007954217d38f2c41ff21ea287b5c') in 0.000588 seconds 
========================================================================
Received Import Request.
  Time since last request: 1.430303 seconds.
  path: Assets/ChessEngineAndAI/Game/Resources/Scenes/AI/ChessDemo_GuyAI.unity
  artifactKey: Guid(894fc54b170a50248846c7f9845ef2ec) Importer(815301076,1909f56bfc062723c751e8b465ee728b)
Start importing Assets/ChessEngineAndAI/Game/Resources/Scenes/AI/ChessDemo_GuyAI.unity using Guid(894fc54b170a50248846c7f9845ef2ec) Importer(815301076,1909f56bfc062723c751e8b465ee728b)  -> (artifact id: 'db75269c63fd2dd36acb3309b6061787') in 0.001157 seconds 
========================================================================
Received Prepare
Registering precompiled user dll's ...
Registered in 0.002503 seconds.
Begin MonoManager ReloadAssembly
Thread 0x296d63000 may have been prematurely finalized
Symbol file LoadedFromMemory doesn't match image /Users/mansoursharif/Documents/GitHub/MainProject/ChessGame/Library/PackageCache/com.unity.visualscripting@1.7.8/Editor/VisualScripting.Core/Dependencies/YamlDotNet/Unity.VisualScripting.YamlDotNet.dll
Symbol file LoadedFromMemory doesn't match image /Users/mansoursharif/Documents/GitHub/MainProject/ChessGame/Library/PackageCache/com.unity.visualscripting@1.7.8/Editor/VisualScripting.Core/Dependencies/DotNetZip/Unity.VisualScripting.IonicZip.dll
Native extension for OSXStandalone target not found
Refreshing native plugins compatible for Editor in 0.46 ms, found 2 plugins.
Preloading 0 native plugins for Editor in 0.00 ms.
Mono: successfully reloaded assembly
- Completed reload, in  0.541 seconds
Domain Reload Profiling:
	ReloadAssembly (542ms)
		BeginReloadAssembly (67ms)
			ExecutionOrderSort (0ms)
			DisableScriptedObjects (2ms)
			BackupInstance (0ms)
			ReleaseScriptingObjects (0ms)
			CreateAndSetChildDomain (26ms)
		EndReloadAssembly (414ms)
			LoadAssemblies (29ms)
			RebuildTransferFunctionScriptingTraits (0ms)
			SetupTypeCache (143ms)
			ReleaseScriptCaches (1ms)
			RebuildScriptCaches (27ms)
			SetupLoadedEditorAssemblies (182ms)
				LogAssemblyErrors (0ms)
				InitializePlatformSupportModulesInManaged (5ms)
				SetLoadedEditorAssemblies (0ms)
				RefreshPlugins (0ms)
				BeforeProcessingInitializeOnLoad (34ms)
				ProcessInitializeOnLoadAttributes (124ms)
				ProcessInitializeOnLoadMethodAttributes (17ms)
				AfterProcessingInitializeOnLoad (1ms)
				EditorAssembliesLoaded (0ms)
			ExecutionOrderSort2 (0ms)
			AwakeInstancesAfterBackupRestoration (3ms)
Platform modules already initialized, skipping
Refreshing native plugins compatible for Editor in 0.96 ms, found 2 plugins.
Preloading 0 native plugins for Editor in 0.00 ms.
Unloading 3493 Unused Serialized files (Serialized files now loaded: 0)
Unloading 26 unused Assets / (22.0 KB). Loaded Objects now: 4001.
Memory consumption went from 270.6 MB to 270.6 MB.
Total: 2.152625 ms (FindLiveObjects: 0.109583 ms CreateObjectMapping: 0.043458 ms MarkObjects: 1.983542 ms  DeleteObjects: 0.015458 ms)

AssetImportParameters requested are different than current active one (requested -> active):
  custom:video-decoder-ogg-theora: a1e56fd34408186e4bbccfd4996cb3dc -> 
  custom:container-muxer-webm: aa71ff27fc2769a1b78a27578f13a17b -> 
  custom:container-demuxer-webm: 4f35f7cbe854078d1ac9338744f61a02 -> 
  custom:video-encoder-webm-vp8: eb34c28f22e8b96e1ab97ce403110664 -> 
  custom:framework-osx-AVFoundation: e770b220cccbd017edd2c1fefb359320 -> 
  custom:audio-encoder-webm-vorbis: bf7c407c2cedff20999df2af8eb42d56 -> 
  custom:container-demuxer-ogg: 62fdf1f143b41e24485cea50d1cbac27 -> 
  custom:video-decoder-webm-vp8: 9c59270c3fd7afecdb556c50c9e8de78 -> 
  custom:audio-decoder-ogg-vorbis: bf7c407c2cedff20999df2af8eb42d56 -> 
========================================================================
Received Import Request.
  Time since last request: 15.775825 seconds.
  path: Assets/HyperCasualPack/Demo/Scenes/Demo.unity
  artifactKey: Guid(6dd483661810b8341bedc240271b220d) Importer(815301076,1909f56bfc062723c751e8b465ee728b)
Start importing Assets/HyperCasualPack/Demo/Scenes/Demo.unity using Guid(6dd483661810b8341bedc240271b220d) Importer(815301076,1909f56bfc062723c751e8b465ee728b)  -> (artifact id: '9d99c683ef89df1c53730bbbf1129fb0') in 0.004825 seconds 
========================================================================
Received Import Request.
  Time since last request: 2.252669 seconds.
  path: Assets/Pixel art Chess Knights pack/demo.unity
  artifactKey: Guid(69845e9d004db3342b0a0e9577984031) Importer(815301076,1909f56bfc062723c751e8b465ee728b)
Start importing Assets/Pixel art Chess Knights pack/demo.unity using Guid(69845e9d004db3342b0a0e9577984031) Importer(815301076,1909f56bfc062723c751e8b465ee728b)  -> (artifact id: '8843ea9f764f0d093c015ed6db3e6fd4') in 0.000715 seconds 
========================================================================
Received Import Request.
  Time since last request: 0.804648 seconds.
  path: Assets/EnvironmentSpritePack1/ExampleScene.unity
  artifactKey: Guid(c72fbf9c50647c0448156e16673b9552) Importer(815301076,1909f56bfc062723c751e8b465ee728b)
Start importing Assets/EnvironmentSpritePack1/ExampleScene.unity using Guid(c72fbf9c50647c0448156e16673b9552) Importer(815301076,1909f56bfc062723c751e8b465ee728b)  -> (artifact id: '6d0710eaa4715425d0d9d0c9553f298a') in 0.000547 seconds 
========================================================================
Received Import Request.
  Time since last request: 0.545819 seconds.
  path: Assets/ChessEngineAndAI/Game/Gamemodes/Gamemode_PieceTypeSteal/Resources/Scenes/Gamemode_PieceTypeSteal_AIScene.unity
  artifactKey: Guid(bd28063d77cbf5745b548403442e2151) Importer(815301076,1909f56bfc062723c751e8b465ee728b)
Start importing Assets/ChessEngineAndAI/Game/Gamemodes/Gamemode_PieceTypeSteal/Resources/Scenes/Gamemode_PieceTypeSteal_AIScene.unity using Guid(bd28063d77cbf5745b548403442e2151) Importer(815301076,1909f56bfc062723c751e8b465ee728b)  -> (artifact id: 'be39a7bd34aa61aaa976336228fae41e') in 0.000563 seconds 
========================================================================
Received Import Request.
  Time since last request: 0.653911 seconds.
  path: Assets/Scenes/SampleScene.unity
  artifactKey: Guid(c850ee8c3b14cc8459e7e186857cf567) Importer(815301076,1909f56bfc062723c751e8b465ee728b)
Start importing Assets/Scenes/SampleScene.unity using Guid(c850ee8c3b14cc8459e7e186857cf567) Importer(815301076,1909f56bfc062723c751e8b465ee728b)  -> (artifact id: 'fa0314de4939330f30631d5118ab8907') in 0.000627 seconds 
========================================================================
Received Import Request.
  Time since last request: 1.246757 seconds.
  path: Assets/EnvironmentSpritePack1/TopDown_Set1a.unity
  artifactKey: Guid(2a180f96beab14442948780d6e4d7b98) Importer(815301076,1909f56bfc062723c751e8b465ee728b)
Start importing Assets/EnvironmentSpritePack1/TopDown_Set1a.unity using Guid(2a180f96beab14442948780d6e4d7b98) Importer(815301076,1909f56bfc062723c751e8b465ee728b)  -> (artifact id: '678d43551159fbbecf2c3bd5a8514c65') in 0.000583 seconds 
========================================================================
Received Import Request.
  Time since last request: 0.560771 seconds.
  path: Assets/ChessEngineAndAI/Game/Resources/Scenes/AI/ChessDemo_DoofusAI.unity
  artifactKey: Guid(f95a963e615ca8c4a9f9391ccb59efdd) Importer(815301076,1909f56bfc062723c751e8b465ee728b)
Start importing Assets/ChessEngineAndAI/Game/Resources/Scenes/AI/ChessDemo_DoofusAI.unity using Guid(f95a963e615ca8c4a9f9391ccb59efdd) Importer(815301076,1909f56bfc062723c751e8b465ee728b)  -> (artifact id: '69157d4de232ae6144c0220ccec1895e') in 0.000508 seconds 
========================================================================
Received Prepare
Registering precompiled user dll's ...
Registered in 0.002018 seconds.
Begin MonoManager ReloadAssembly
Thread 0x16f293000 may have been prematurely finalized
Symbol file LoadedFromMemory doesn't match image /Users/mansoursharif/Documents/GitHub/MainProject/ChessGame/Library/PackageCache/com.unity.visualscripting@1.7.8/Editor/VisualScripting.Core/Dependencies/YamlDotNet/Unity.VisualScripting.YamlDotNet.dll
Symbol file LoadedFromMemory doesn't match image /Users/mansoursharif/Documents/GitHub/MainProject/ChessGame/Library/PackageCache/com.unity.visualscripting@1.7.8/Editor/VisualScripting.Core/Dependencies/DotNetZip/Unity.VisualScripting.IonicZip.dll
Native extension for OSXStandalone target not found
Refreshing native plugins compatible for Editor in 0.47 ms, found 2 plugins.
Preloading 0 native plugins for Editor in 0.00 ms.
Mono: successfully reloaded assembly
- Completed reload, in  0.538 seconds
Domain Reload Profiling:
	ReloadAssembly (538ms)
		BeginReloadAssembly (69ms)
			ExecutionOrderSort (0ms)
			DisableScriptedObjects (3ms)
			BackupInstance (0ms)
			ReleaseScriptingObjects (0ms)
			CreateAndSetChildDomain (24ms)
		EndReloadAssembly (411ms)
			LoadAssemblies (30ms)
			RebuildTransferFunctionScriptingTraits (0ms)
			SetupTypeCache (139ms)
			ReleaseScriptCaches (1ms)
			RebuildScriptCaches (28ms)
			SetupLoadedEditorAssemblies (182ms)
				LogAssemblyErrors (0ms)
				InitializePlatformSupportModulesInManaged (5ms)
				SetLoadedEditorAssemblies (0ms)
				RefreshPlugins (0ms)
				BeforeProcessingInitializeOnLoad (35ms)
				ProcessInitializeOnLoadAttributes (124ms)
				ProcessInitializeOnLoadMethodAttributes (17ms)
				AfterProcessingInitializeOnLoad (1ms)
				EditorAssembliesLoaded (0ms)
			ExecutionOrderSort2 (0ms)
			AwakeInstancesAfterBackupRestoration (2ms)
Platform modules already initialized, skipping
Refreshing native plugins compatible for Editor in 0.99 ms, found 2 plugins.
Preloading 0 native plugins for Editor in 0.00 ms.
Unloading 3493 Unused Serialized files (Serialized files now loaded: 0)
Unloading 26 unused Assets / (22.0 KB). Loaded Objects now: 4004.
Memory consumption went from 274.7 MB to 274.7 MB.
Total: 2.246667 ms (FindLiveObjects: 0.107875 ms CreateObjectMapping: 0.039084 ms MarkObjects: 2.079458 ms  DeleteObjects: 0.019458 ms)

AssetImportParameters requested are different than current active one (requested -> active):
  custom:video-decoder-ogg-theora: a1e56fd34408186e4bbccfd4996cb3dc -> 
  custom:container-muxer-webm: aa71ff27fc2769a1b78a27578f13a17b -> 
  custom:container-demuxer-webm: 4f35f7cbe854078d1ac9338744f61a02 -> 
  custom:video-encoder-webm-vp8: eb34c28f22e8b96e1ab97ce403110664 -> 
  custom:framework-osx-AVFoundation: e770b220cccbd017edd2c1fefb359320 -> 
  custom:audio-encoder-webm-vorbis: bf7c407c2cedff20999df2af8eb42d56 -> 
  custom:container-demuxer-ogg: 62fdf1f143b41e24485cea50d1cbac27 -> 
  custom:video-decoder-webm-vp8: 9c59270c3fd7afecdb556c50c9e8de78 -> 
  custom:audio-decoder-ogg-vorbis: bf7c407c2cedff20999df2af8eb42d56 -> 
========================================================================
Received Import Request.
  Time since last request: 8.847717 seconds.
  path: Assets/ChessEngineAndAI/Game/Resources/Scenes/ChessDemo_FENStateLoad.unity
  artifactKey: Guid(64a328afed4ea0f48bd05c185c034180) Importer(815301076,1909f56bfc062723c751e8b465ee728b)
Start importing Assets/ChessEngineAndAI/Game/Resources/Scenes/ChessDemo_FENStateLoad.unity using Guid(64a328afed4ea0f48bd05c185c034180) Importer(815301076,1909f56bfc062723c751e8b465ee728b)  -> (artifact id: 'd5af73e752749a977effa247a4987928') in 0.004811 seconds 
========================================================================
Received Import Request.
  Time since last request: 3.503971 seconds.
  path: Assets/ChessEngineAndAI/Game/Resources/Scenes/AI/ChessDemo_RiddleAI.unity
  artifactKey: Guid(fcc666f173f1e7f4bb85a831da11241a) Importer(815301076,1909f56bfc062723c751e8b465ee728b)
Start importing Assets/ChessEngineAndAI/Game/Resources/Scenes/AI/ChessDemo_RiddleAI.unity using Guid(fcc666f173f1e7f4bb85a831da11241a) Importer(815301076,1909f56bfc062723c751e8b465ee728b)  -> (artifact id: 'eb301d92eaccaf17609c9ed5dec8a41f') in 0.000576 seconds 
========================================================================
Received Prepare
Registering precompiled user dll's ...
Registered in 0.002285 seconds.
Begin MonoManager ReloadAssembly
Thread 0x16f293000 may have been prematurely finalized
Symbol file LoadedFromMemory doesn't match image /Users/mansoursharif/Documents/GitHub/MainProject/ChessGame/Library/PackageCache/com.unity.visualscripting@1.7.8/Editor/VisualScripting.Core/Dependencies/YamlDotNet/Unity.VisualScripting.YamlDotNet.dll
Symbol file LoadedFromMemory doesn't match image /Users/mansoursharif/Documents/GitHub/MainProject/ChessGame/Library/PackageCache/com.unity.visualscripting@1.7.8/Editor/VisualScripting.Core/Dependencies/DotNetZip/Unity.VisualScripting.IonicZip.dll
Native extension for OSXStandalone target not found
Refreshing native plugins compatible for Editor in 0.42 ms, found 2 plugins.
Preloading 0 native plugins for Editor in 0.00 ms.
Mono: successfully reloaded assembly
- Completed reload, in  0.508 seconds
Domain Reload Profiling:
	ReloadAssembly (508ms)
		BeginReloadAssembly (66ms)
			ExecutionOrderSort (0ms)
			DisableScriptedObjects (3ms)
			BackupInstance (0ms)
			ReleaseScriptingObjects (0ms)
			CreateAndSetChildDomain (25ms)
		EndReloadAssembly (386ms)
			LoadAssemblies (29ms)
			RebuildTransferFunctionScriptingTraits (0ms)
			SetupTypeCache (136ms)
			ReleaseScriptCaches (1ms)
			RebuildScriptCaches (26ms)
			SetupLoadedEditorAssemblies (163ms)
				LogAssemblyErrors (0ms)
				InitializePlatformSupportModulesInManaged (5ms)
				SetLoadedEditorAssemblies (0ms)
				RefreshPlugins (0ms)
				BeforeProcessingInitializeOnLoad (33ms)
				ProcessInitializeOnLoadAttributes (110ms)
				ProcessInitializeOnLoadMethodAttributes (14ms)
				AfterProcessingInitializeOnLoad (1ms)
				EditorAssembliesLoaded (0ms)
			ExecutionOrderSort2 (0ms)
			AwakeInstancesAfterBackupRestoration (2ms)
Platform modules already initialized, skipping
Refreshing native plugins compatible for Editor in 0.97 ms, found 2 plugins.
Preloading 0 native plugins for Editor in 0.00 ms.
Unloading 3493 Unused Serialized files (Serialized files now loaded: 0)
Unloading 26 unused Assets / (22.0 KB). Loaded Objects now: 4007.
Memory consumption went from 278.8 MB to 278.7 MB.
Total: 2.158542 ms (FindLiveObjects: 0.120666 ms CreateObjectMapping: 0.045417 ms MarkObjects: 1.976667 ms  DeleteObjects: 0.015125 ms)

AssetImportParameters requested are different than current active one (requested -> active):
  custom:video-decoder-ogg-theora: a1e56fd34408186e4bbccfd4996cb3dc -> 
  custom:container-muxer-webm: aa71ff27fc2769a1b78a27578f13a17b -> 
  custom:container-demuxer-webm: 4f35f7cbe854078d1ac9338744f61a02 -> 
  custom:video-encoder-webm-vp8: eb34c28f22e8b96e1ab97ce403110664 -> 
  custom:framework-osx-AVFoundation: e770b220cccbd017edd2c1fefb359320 -> 
  custom:audio-encoder-webm-vorbis: bf7c407c2cedff20999df2af8eb42d56 -> 
  custom:container-demuxer-ogg: 62fdf1f143b41e24485cea50d1cbac27 -> 
  custom:video-decoder-webm-vp8: 9c59270c3fd7afecdb556c50c9e8de78 -> 
  custom:audio-decoder-ogg-vorbis: bf7c407c2cedff20999df2af8eb42d56 -> 
